Using pre-set license
Built from '2021.1/release' branch; Version is '2021.1.1f1 (6fdc41dfa55a) revision 7330881'; Using compiler version '192528614'; Build Type 'Release'
OS: 'Windows 10 Pro; OS build 18363.1440; Version 1909; 64bit' Language: 'en' Physical Memory: 16286 MB
BatchMode: 1, IsHumanControllingUs: 0, StartBugReporterOnCrash: 0, Is64bit: 1, IsPro: 0

 COMMAND LINE ARGUMENTS:
C:\Program Files\Unity\Hub\Editor\2021.1.1f1\Editor\Unity.exe
-adb2
-batchMode
-noUpm
-name
AssetImportWorker0
-projectPath
C:/projects/Oxide
-logFile
Logs/AssetImportWorker0.log
-srvPort
51544
Successfully changed project path to: C:/projects/Oxide
C:/projects/Oxide
Using Asset Import Pipeline V2.
Refreshing native plugins compatible for Editor in 26.32 ms, found 0 plugins.
Preloading 0 native plugins for Editor in 0.00 ms.
Initialize engine version: 2021.1.1f1 (6fdc41dfa55a)
[Subsystems] Discovering subsystems at path C:/Program Files/Unity/Hub/Editor/2021.1.1f1/Editor/Data/Resources/UnitySubsystems
[Subsystems] Discovering subsystems at path C:/projects/Oxide/Assets
GfxDevice: creating device client; threaded=0; jobified=0
Direct3D:
    Version:  Direct3D 11.0 [level 11.1]
    Renderer: NVIDIA GeForce GTX 1060 with Max-Q Design (ID=0x1c20)
    Vendor:   NVIDIA
    VRAM:     6052 MB
    Driver:   27.21.14.6192
Initialize mono
Mono path[0] = 'C:/Program Files/Unity/Hub/Editor/2021.1.1f1/Editor/Data/Managed'
Mono path[1] = 'C:/Program Files/Unity/Hub/Editor/2021.1.1f1/Editor/Data/MonoBleedingEdge/lib/mono/unityjit'
Mono config path = 'C:/Program Files/Unity/Hub/Editor/2021.1.1f1/Editor/Data/MonoBleedingEdge/etc'
Using monoOptions --debugger-agent=transport=dt_socket,embedding=1,server=y,suspend=n,address=127.0.0.1:56896
Begin MonoManager ReloadAssembly
Registering precompiled unity dll's ...
Register platform support module: C:/Program Files/Unity/Hub/Editor/2021.1.1f1/Editor/Data/PlaybackEngines/WindowsStandaloneSupport/UnityEditor.WindowsStandalone.Extensions.dll
Registered in 0.001749 seconds.
Native extension for WindowsStandalone target not found
Refreshing native plugins compatible for Editor in 27.51 ms, found 0 plugins.
Preloading 0 native plugins for Editor in 0.00 ms.
Mono: successfully reloaded assembly
- Completed reload, in  1.112 seconds
Platform modules already initialized, skipping
Registering precompiled user dll's ...
Registered in 0.000659 seconds.
Begin MonoManager ReloadAssembly
Native extension for WindowsStandalone target not found
Refreshing native plugins compatible for Editor in 36.13 ms, found 0 plugins.
Preloading 0 native plugins for Editor in 0.00 ms.
Mono: successfully reloaded assembly
- Completed reload, in  0.936 seconds
Platform modules already initialized, skipping
========================================================================
Worker process is ready to serve import requests
Launched and connected shader compiler UnityShaderCompiler.exe after 0.04 seconds
Refreshing native plugins compatible for Editor in 0.23 ms, found 0 plugins.
Preloading 0 native plugins for Editor in 0.00 ms.
Unloading 1453 Unused Serialized files (Serialized files now loaded: 0)
System memory in use before: 71.2 MB.
System memory in use after: 71.3 MB.

Unloading 11 unused Assets to reduce memory usage. Loaded Objects now: 1913.
Total: 2.046400 ms (FindLiveObjects: 0.148600 ms CreateObjectMapping: 0.076600 ms MarkObjects: 1.750000 ms  DeleteObjects: 0.070200 ms)

========================================================================
Received Import Request.
  path: Assets/Prototype/Models/Environment/Roads/Road1.psd
  artifactKey: Guid(22148542cddb4894ea27165417a7e47a) Importer(815301076,1909f56bfc062723c751e8b465ee728b)
Start importing Assets/Prototype/Models/Environment/Roads/Road1.psd using Guid(22148542cddb4894ea27165417a7e47a) Importer(815301076,1909f56bfc062723c751e8b465ee728b)  -> (artifact id: '47a3e3be8fee389c0dfe7d639f294785') in 0.072280 seconds 
========================================================================
Received Import Request.
  Time since last request: 0.000331 seconds.
  path: Assets/Prototype/Models/Environment/Roads/Road.fbx
  artifactKey: Guid(7b2da4afea8847f4fad5bda73db8fecd) Importer(815301076,1909f56bfc062723c751e8b465ee728b)
Start importing Assets/Prototype/Models/Environment/Roads/Road.fbx using Guid(7b2da4afea8847f4fad5bda73db8fecd) Importer(815301076,1909f56bfc062723c751e8b465ee728b)  -> (artifact id: 'a2dd643b0ca8c27c567d7d670d24f275') in 0.160581 seconds 
========================================================================
Received Import Request.
  Time since last request: 0.000267 seconds.
  path: Assets/Prototype/Models/Cars/PinkyMobile.fbx
  artifactKey: Guid(8aebd827844932d4385ae6fb1cc1aca6) Importer(815301076,1909f56bfc062723c751e8b465ee728b)
Start importing Assets/Prototype/Models/Cars/PinkyMobile.fbx using Guid(8aebd827844932d4385ae6fb1cc1aca6) Importer(815301076,1909f56bfc062723c751e8b465ee728b)  -> (artifact id: '68c7deae40f078d4cbf0399846651116') in 0.045599 seconds 
========================================================================
Received Import Request.
  Time since last request: 0.000295 seconds.
  path: Assets/Prototype/Models/Environment/Roads/Road2.psd
  artifactKey: Guid(a7aeba18a55fcf343bfb847125b44d20) Importer(815301076,1909f56bfc062723c751e8b465ee728b)
Start importing Assets/Prototype/Models/Environment/Roads/Road2.psd using Guid(a7aeba18a55fcf343bfb847125b44d20) Importer(815301076,1909f56bfc062723c751e8b465ee728b)  -> (artifact id: '24e7d923d6b4a5bcfdccabdb0905c778') in 0.031493 seconds 
========================================================================
Received Import Request.
  Time since last request: 0.000296 seconds.
  path: Assets/Prototype/Models/Environment/Roads/Grass.psd
  artifactKey: Guid(987e396476fbf4446b0ab42193607057) Importer(815301076,1909f56bfc062723c751e8b465ee728b)
Start importing Assets/Prototype/Models/Environment/Roads/Grass.psd using Guid(987e396476fbf4446b0ab42193607057) Importer(815301076,1909f56bfc062723c751e8b465ee728b)  -> (artifact id: '8635020da5162ebd03a69aacaf5c0a42') in 0.016888 seconds 
========================================================================
Received Import Request.
  Time since last request: 4.244427 seconds.
  path: Assets/Prototype/Models/Cars/PinkyMobile.fbx
  artifactKey: Guid(8aebd827844932d4385ae6fb1cc1aca6) Importer(815301076,1909f56bfc062723c751e8b465ee728b)
Start importing Assets/Prototype/Models/Cars/PinkyMobile.fbx using Guid(8aebd827844932d4385ae6fb1cc1aca6) Importer(815301076,1909f56bfc062723c751e8b465ee728b)  -> (artifact id: 'a9b717a44cd3b95ccc8f179fdf4d2f54') in 0.028853 seconds 
========================================================================
Received Import Request.
  Time since last request: 77.307111 seconds.
  path: Assets/Prototype/Models/Cars/PinkyMobile.fbx
  artifactKey: Guid(8aebd827844932d4385ae6fb1cc1aca6) Importer(815301076,1909f56bfc062723c751e8b465ee728b)
Start importing Assets/Prototype/Models/Cars/PinkyMobile.fbx using Guid(8aebd827844932d4385ae6fb1cc1aca6) Importer(815301076,1909f56bfc062723c751e8b465ee728b)  -> (artifact id: '7b14954ec7d32d47f9ee28fe21ae8970') in 0.027972 seconds 
========================================================================
Received Import Request.
  Time since last request: 139.271702 seconds.
  path: Assets/Prototype/Models/Cars/PinkyMobile.fbx
  artifactKey: Guid(8aebd827844932d4385ae6fb1cc1aca6) Importer(815301076,1909f56bfc062723c751e8b465ee728b)
Start importing Assets/Prototype/Models/Cars/PinkyMobile.fbx using Guid(8aebd827844932d4385ae6fb1cc1aca6) Importer(815301076,1909f56bfc062723c751e8b465ee728b)  -> (artifact id: '9389324bc2ae8f734acf6964a7c9a86e') in 0.027007 seconds 
========================================================================
Received Import Request.
  Time since last request: 805.035772 seconds.
  path: Assets/Prototype/Models/Cars/PinkyMobile.fbx
  artifactKey: Guid(8aebd827844932d4385ae6fb1cc1aca6) Importer(815301076,1909f56bfc062723c751e8b465ee728b)
Start importing Assets/Prototype/Models/Cars/PinkyMobile.fbx using Guid(8aebd827844932d4385ae6fb1cc1aca6) Importer(815301076,1909f56bfc062723c751e8b465ee728b)  -> (artifact id: 'ddde48b88c79acea9545468e2ba1fa05') in 0.041564 seconds 
========================================================================
Received Import Request.
  Time since last request: 26.790367 seconds.
  path: Assets/Prototype/Models/Cars/PinkyMobile.fbx
  artifactKey: Guid(8aebd827844932d4385ae6fb1cc1aca6) Importer(815301076,1909f56bfc062723c751e8b465ee728b)
Start importing Assets/Prototype/Models/Cars/PinkyMobile.fbx using Guid(8aebd827844932d4385ae6fb1cc1aca6) Importer(815301076,1909f56bfc062723c751e8b465ee728b)  -> (artifact id: '569e518407dd88e03e97813d09b56894') in 0.026530 seconds 
========================================================================
Received Prepare
Registering precompiled user dll's ...
Registered in 0.000762 seconds.
Begin MonoManager ReloadAssembly
Native extension for WindowsStandalone target not found
Refreshing native plugins compatible for Editor in 0.23 ms, found 0 plugins.
Preloading 0 native plugins for Editor in 0.00 ms.
Mono: successfully reloaded assembly
- Completed reload, in  0.823 seconds
Platform modules already initialized, skipping
Refreshing native plugins compatible for Editor in 0.27 ms, found 0 plugins.
Preloading 0 native plugins for Editor in 0.00 ms.
Unloading 1445 Unused Serialized files (Serialized files now loaded: 0)
System memory in use before: 77.1 MB.
System memory in use after: 77.2 MB.

Unloading 5 unused Assets to reduce memory usage. Loaded Objects now: 2006.
Total: 1.969500 ms (FindLiveObjects: 0.145000 ms CreateObjectMapping: 0.060700 ms MarkObjects: 1.741600 ms  DeleteObjects: 0.021000 ms)

========================================================================
Received Import Request.
  Time since last request: 238.915685 seconds.
  path: Assets/Prototype/Models/Cars/PinkyMobile.fbx
  artifactKey: Guid(8aebd827844932d4385ae6fb1cc1aca6) Importer(815301076,1909f56bfc062723c751e8b465ee728b)
Start importing Assets/Prototype/Models/Cars/PinkyMobile.fbx using Guid(8aebd827844932d4385ae6fb1cc1aca6) Importer(815301076,1909f56bfc062723c751e8b465ee728b)  -> (artifact id: '23cec5e61055ea776ace582394fcfb98') in 0.086890 seconds 
========================================================================
Received Import Request.
  Time since last request: 442.787878 seconds.
  path: Assets/Prototype/Models/Cars/PinkyMobile.fbx
  artifactKey: Guid(8aebd827844932d4385ae6fb1cc1aca6) Importer(815301076,1909f56bfc062723c751e8b465ee728b)
Start importing Assets/Prototype/Models/Cars/PinkyMobile.fbx using Guid(8aebd827844932d4385ae6fb1cc1aca6) Importer(815301076,1909f56bfc062723c751e8b465ee728b)  -> (artifact id: '7607b800f352fde233b661b1fc065f16') in 0.030595 seconds 
========================================================================
Received Import Request.
  Time since last request: 11.556632 seconds.
  path: Assets/Prototype/Models/Cars/PinkyMobile.fbx
  artifactKey: Guid(8aebd827844932d4385ae6fb1cc1aca6) Importer(815301076,1909f56bfc062723c751e8b465ee728b)
Start importing Assets/Prototype/Models/Cars/PinkyMobile.fbx using Guid(8aebd827844932d4385ae6fb1cc1aca6) Importer(815301076,1909f56bfc062723c751e8b465ee728b)  -> (artifact id: '52e9d2bae089b40fd9b6f9a5baaf64ef') in 0.026181 seconds 
========================================================================
Received Import Request.
  Time since last request: 38.548850 seconds.
  path: Assets/Prototype/Models/Cars/PinkyMobile.fbx
  artifactKey: Guid(8aebd827844932d4385ae6fb1cc1aca6) Importer(815301076,1909f56bfc062723c751e8b465ee728b)
Start importing Assets/Prototype/Models/Cars/PinkyMobile.fbx using Guid(8aebd827844932d4385ae6fb1cc1aca6) Importer(815301076,1909f56bfc062723c751e8b465ee728b)  -> (artifact id: '8f865bd0e3f42df9cbafdaa1a5eb8a15') in 0.025058 seconds 
========================================================================
Received Import Request.
  Time since last request: 70.158570 seconds.
  path: Assets/Prototype/Models/Cars/PinkyMobile.fbx
  artifactKey: Guid(8aebd827844932d4385ae6fb1cc1aca6) Importer(815301076,1909f56bfc062723c751e8b465ee728b)
Start importing Assets/Prototype/Models/Cars/PinkyMobile.fbx using Guid(8aebd827844932d4385ae6fb1cc1aca6) Importer(815301076,1909f56bfc062723c751e8b465ee728b)  -> (artifact id: '00dd72c5cb9d3e47c0b5b7fcb4542db0') in 0.027727 seconds 
========================================================================
Received Import Request.
  Time since last request: 104.473167 seconds.
  path: Assets/Prototype/Models/Cars/PinkyMobile.fbx
  artifactKey: Guid(8aebd827844932d4385ae6fb1cc1aca6) Importer(815301076,1909f56bfc062723c751e8b465ee728b)
Start importing Assets/Prototype/Models/Cars/PinkyMobile.fbx using Guid(8aebd827844932d4385ae6fb1cc1aca6) Importer(815301076,1909f56bfc062723c751e8b465ee728b)  -> (artifact id: '90714bf420cdd18c9b15a8529e89c3de') in 0.030769 seconds 
========================================================================
Received Import Request.
  Time since last request: 342.143505 seconds.
  path: Assets/Prototype/Models/Cars/PinkyMobile.fbx
  artifactKey: Guid(8aebd827844932d4385ae6fb1cc1aca6) Importer(815301076,1909f56bfc062723c751e8b465ee728b)
Start importing Assets/Prototype/Models/Cars/PinkyMobile.fbx using Guid(8aebd827844932d4385ae6fb1cc1aca6) Importer(815301076,1909f56bfc062723c751e8b465ee728b)  -> (artifact id: '4dcad4491a98f995a9cf6340fc0bd94f') in 0.032509 seconds 
========================================================================
Received Prepare
Registering precompiled user dll's ...
Registered in 0.001892 seconds.
Begin MonoManager ReloadAssembly
Native extension for WindowsStandalone target not found
Refreshing native plugins compatible for Editor in 0.25 ms, found 0 plugins.
Preloading 0 native plugins for Editor in 0.00 ms.
Mono: successfully reloaded assembly
- Completed reload, in  0.899 seconds
Platform modules already initialized, skipping
Refreshing native plugins compatible for Editor in 0.47 ms, found 0 plugins.
Preloading 0 native plugins for Editor in 0.00 ms.
Unloading 1442 Unused Serialized files (Serialized files now loaded: 0)
System memory in use before: 77.1 MB.
System memory in use after: 77.2 MB.

Unloading 4 unused Assets to reduce memory usage. Loaded Objects now: 2010.
Total: 2.279200 ms (FindLiveObjects: 0.191200 ms CreateObjectMapping: 0.084000 ms MarkObjects: 1.980400 ms  DeleteObjects: 0.022300 ms)

========================================================================
Received Import Request.
  Time since last request: 226.132333 seconds.
  path: Assets/Prototype/Models/Cars/PinkyMobile.fbx
  artifactKey: Guid(8aebd827844932d4385ae6fb1cc1aca6) Importer(815301076,1909f56bfc062723c751e8b465ee728b)
Start importing Assets/Prototype/Models/Cars/PinkyMobile.fbx using Guid(8aebd827844932d4385ae6fb1cc1aca6) Importer(815301076,1909f56bfc062723c751e8b465ee728b)  -> (artifact id: 'd0d7dbf8d57703317a6dc635965cc1f2') in 0.103031 seconds 
========================================================================
Received Import Request.
  Time since last request: 326.012481 seconds.
  path: Assets/Prototype/Models/Cars/PinkyMobile.fbx
  artifactKey: Guid(8aebd827844932d4385ae6fb1cc1aca6) Importer(815301076,1909f56bfc062723c751e8b465ee728b)
Start importing Assets/Prototype/Models/Cars/PinkyMobile.fbx using Guid(8aebd827844932d4385ae6fb1cc1aca6) Importer(815301076,1909f56bfc062723c751e8b465ee728b)  -> (artifact id: '04ba13b3eebd2760b38a3396bd91e832') in 0.033132 seconds 
========================================================================
Received Import Request.
  Time since last request: 28.085087 seconds.
  path: Assets/Prototype/Models/Cars/Car_T.png
  artifactKey: Guid(da987e72486db2e42a6610622e7c1096) Importer(815301076,1909f56bfc062723c751e8b465ee728b)
Start importing Assets/Prototype/Models/Cars/Car_T.png using Guid(da987e72486db2e42a6610622e7c1096) Importer(815301076,1909f56bfc062723c751e8b465ee728b)  -> (artifact id: '5c963cb299db4eb67ac217cb07dcd040') in 0.044661 seconds 
========================================================================
Received Prepare
Registering precompiled user dll's ...
Registered in 0.000656 seconds.
Begin MonoManager ReloadAssembly
Native extension for WindowsStandalone target not found
Refreshing native plugins compatible for Editor in 0.27 ms, found 0 plugins.
Preloading 0 native plugins for Editor in 0.00 ms.
Mono: successfully reloaded assembly
- Completed reload, in  0.884 seconds
Platform modules already initialized, skipping
Refreshing native plugins compatible for Editor in 0.23 ms, found 0 plugins.
Preloading 0 native plugins for Editor in 0.00 ms.
Unloading 1443 Unused Serialized files (Serialized files now loaded: 0)
System memory in use before: 80.3 MB.
System memory in use after: 80.4 MB.

Unloading 4 unused Assets to reduce memory usage. Loaded Objects now: 2029.
Total: 1.851600 ms (FindLiveObjects: 0.130700 ms CreateObjectMapping: 0.073700 ms MarkObjects: 1.634000 ms  DeleteObjects: 0.012500 ms)

